2020-08-08 16:14:23.689  INFO 23064 --- [restartedMain] c.thoughtworks.rslist.RsListApplication  : Starting RsListApplication on twodogbeta-PC with PID 23064 (C:\Users\twodogbeta\Desktop\work\twTrain\basic-api-implementation\basic-api-implementation\build\classes\java\main started by twodogbeta in C:\Users\twodogbeta\Desktop\work\twTrain\basic-api-implementation\basic-api-implementation)
2020-08-08 16:14:23.689  INFO 23064 --- [restartedMain] c.thoughtworks.rslist.RsListApplication  : No active profile set, falling back to default profiles: default
2020-08-08 16:14:23.794  INFO 24912 --- [restartedMain] c.thoughtworks.rslist.RsListApplication  : Starting RsListApplication on twodogbeta-PC with PID 24912 (C:\Users\twodogbeta\Desktop\work\twTrain\basic-api-implementation\basic-api-implementation\build\classes\java\main started by twodogbeta in C:\Users\twodogbeta\Desktop\work\twTrain\basic-api-implementation\basic-api-implementation)
2020-08-08 16:14:23.799  INFO 24912 --- [restartedMain] c.thoughtworks.rslist.RsListApplication  : No active profile set, falling back to default profiles: default
2020-08-08 16:14:23.876  INFO 24912 --- [restartedMain] .e.DevToolsPropertyDefaultsPostProcessor : Devtools property defaults active! Set 'spring.devtools.add-properties' to 'false' to disable
2020-08-08 16:14:23.877  INFO 24912 --- [restartedMain] .e.DevToolsPropertyDefaultsPostProcessor : For additional web related logging consider setting the 'logging.level.web' property to 'DEBUG'
2020-08-08 16:14:24.177  INFO 23064 --- [restartedMain] .s.d.r.c.RepositoryConfigurationDelegate : Bootstrapping Spring Data JPA repositories in DEFAULT mode.
2020-08-08 16:14:24.190  INFO 23064 --- [restartedMain] .s.d.r.c.RepositoryConfigurationDelegate : Finished Spring Data repository scanning in 11ms. Found 0 JPA repository interfaces.
2020-08-08 16:14:24.494  INFO 23064 --- [restartedMain] o.s.b.w.embedded.tomcat.TomcatWebServer  : Tomcat initialized with port(s): 8080 (http)
2020-08-08 16:14:24.495  INFO 23064 --- [restartedMain] o.apache.catalina.core.StandardService   : Starting service [Tomcat]
2020-08-08 16:14:24.496  INFO 23064 --- [restartedMain] org.apache.catalina.core.StandardEngine  : Starting Servlet engine: [Apache Tomcat/9.0.34]
2020-08-08 16:14:24.547  INFO 23064 --- [restartedMain] o.a.c.c.C.[Tomcat].[localhost].[/]       : Initializing Spring embedded WebApplicationContext
2020-08-08 16:14:24.548  INFO 23064 --- [restartedMain] o.s.web.context.ContextLoader            : Root WebApplicationContext: initialization completed in 854 ms
2020-08-08 16:14:24.569  INFO 23064 --- [restartedMain] com.zaxxer.hikari.HikariDataSource       : HikariPool-88 - Starting...
2020-08-08 16:14:24.571  INFO 23064 --- [restartedMain] com.zaxxer.hikari.HikariDataSource       : HikariPool-88 - Start completed.
2020-08-08 16:14:24.571  INFO 23064 --- [restartedMain] o.s.b.a.h2.H2ConsoleAutoConfiguration    : H2 console available at '/h2-console'. Database available at 'jdbc:h2:mem:testdb'
2020-08-08 16:14:24.611  INFO 23064 --- [restartedMain] o.hibernate.jpa.internal.util.LogHelper  : HHH000204: Processing PersistenceUnitInfo [name: default]
2020-08-08 16:14:24.620  INFO 23064 --- [restartedMain] org.hibernate.dialect.Dialect            : HHH000400: Using dialect: org.hibernate.dialect.H2Dialect
2020-08-08 16:14:24.641  INFO 23064 --- [restartedMain] o.h.e.t.j.p.i.JtaPlatformInitiator       : HHH000490: Using JtaPlatform implementation: [org.hibernate.engine.transaction.jta.platform.internal.NoJtaPlatform]
2020-08-08 16:14:24.642  INFO 23064 --- [restartedMain] j.LocalContainerEntityManagerFactoryBean : Initialized JPA EntityManagerFactory for persistence unit 'default'
2020-08-08 16:14:24.657  INFO 23064 --- [restartedMain] o.s.b.d.a.OptionalLiveReloadServer       : LiveReload server is running on port 35729
2020-08-08 16:14:24.693  WARN 23064 --- [restartedMain] JpaBaseConfiguration$JpaWebConfiguration : spring.jpa.open-in-view is enabled by default. Therefore, database queries may be performed during view rendering. Explicitly configure spring.jpa.open-in-view to disable this warning
2020-08-08 16:14:24.743  INFO 23064 --- [restartedMain] o.s.s.concurrent.ThreadPoolTaskExecutor  : Initializing ExecutorService 'applicationTaskExecutor'
2020-08-08 16:14:24.848  INFO 23064 --- [restartedMain] o.s.b.w.embedded.tomcat.TomcatWebServer  : Tomcat started on port(s): 8080 (http) with context path ''
2020-08-08 16:14:24.849  INFO 23064 --- [restartedMain] c.thoughtworks.rslist.RsListApplication  : Started RsListApplication in 1.261 seconds (JVM running for 190898.529)
2020-08-08 16:14:24.851  INFO 23064 --- [restartedMain] .ConditionEvaluationDeltaLoggingListener : Condition evaluation unchanged
2020-08-08 16:14:25.019  INFO 24912 --- [restartedMain] .s.d.r.c.RepositoryConfigurationDelegate : Bootstrapping Spring Data JPA repositories in DEFAULT mode.
2020-08-08 16:14:25.060  INFO 24912 --- [restartedMain] .s.d.r.c.RepositoryConfigurationDelegate : Finished Spring Data repository scanning in 28ms. Found 0 JPA repository interfaces.
2020-08-08 16:14:26.007  INFO 24912 --- [restartedMain] o.s.b.w.embedded.tomcat.TomcatWebServer  : Tomcat initialized with port(s): 8080 (http)
2020-08-08 16:14:26.022  INFO 24912 --- [restartedMain] o.apache.catalina.core.StandardService   : Starting service [Tomcat]
2020-08-08 16:14:26.023  INFO 24912 --- [restartedMain] org.apache.catalina.core.StandardEngine  : Starting Servlet engine: [Apache Tomcat/9.0.34]
2020-08-08 16:14:26.217  INFO 24912 --- [restartedMain] o.a.c.c.C.[Tomcat].[localhost].[/]       : Initializing Spring embedded WebApplicationContext
2020-08-08 16:14:26.218  INFO 24912 --- [restartedMain] o.s.web.context.ContextLoader            : Root WebApplicationContext: initialization completed in 2341 ms
2020-08-08 16:14:26.274  INFO 24912 --- [restartedMain] com.zaxxer.hikari.HikariDataSource       : HikariPool-1 - Starting...
2020-08-08 16:14:26.439  INFO 24912 --- [restartedMain] com.zaxxer.hikari.HikariDataSource       : HikariPool-1 - Start completed.
2020-08-08 16:14:26.447  INFO 24912 --- [restartedMain] o.s.b.a.h2.H2ConsoleAutoConfiguration    : H2 console available at '/h2-console'. Database available at 'jdbc:h2:mem:testdb'
2020-08-08 16:14:26.636  INFO 24912 --- [restartedMain] o.hibernate.jpa.internal.util.LogHelper  : HHH000204: Processing PersistenceUnitInfo [name: default]
2020-08-08 16:14:26.707  INFO 24912 --- [restartedMain] org.hibernate.Version                    : HHH000412: Hibernate ORM core version 5.4.15.Final
2020-08-08 16:14:27.011  INFO 24912 --- [restartedMain] o.hibernate.annotations.common.Version   : HCANN000001: Hibernate Commons Annotations {5.1.0.Final}
2020-08-08 16:14:27.177  INFO 24912 --- [restartedMain] org.hibernate.dialect.Dialect            : HHH000400: Using dialect: org.hibernate.dialect.H2Dialect
2020-08-08 16:14:27.486  INFO 24912 --- [restartedMain] o.h.e.t.j.p.i.JtaPlatformInitiator       : HHH000490: Using JtaPlatform implementation: [org.hibernate.engine.transaction.jta.platform.internal.NoJtaPlatform]
2020-08-08 16:14:27.497  INFO 24912 --- [restartedMain] j.LocalContainerEntityManagerFactoryBean : Initialized JPA EntityManagerFactory for persistence unit 'default'
2020-08-08 16:14:27.541  WARN 24912 --- [restartedMain] o.s.b.d.a.OptionalLiveReloadServer       : Unable to start LiveReload server
2020-08-08 16:14:27.627  WARN 24912 --- [restartedMain] JpaBaseConfiguration$JpaWebConfiguration : spring.jpa.open-in-view is enabled by default. Therefore, database queries may be performed during view rendering. Explicitly configure spring.jpa.open-in-view to disable this warning
2020-08-08 16:14:27.810  INFO 24912 --- [restartedMain] o.s.s.concurrent.ThreadPoolTaskExecutor  : Initializing ExecutorService 'applicationTaskExecutor'
2020-08-08 16:14:28.119  INFO 24912 --- [restartedMain] o.apache.catalina.core.StandardService   : Stopping service [Tomcat]
2020-08-08 16:14:28.125  WARN 24912 --- [restartedMain] o.a.c.loader.WebappClassLoaderBase       : The web application [ROOT] appears to have started a thread named [HikariPool-1 housekeeper] but has failed to stop it. This is very likely to create a memory leak. Stack trace of thread:
 sun.misc.Unsafe.park(Native Method)
 java.util.concurrent.locks.LockSupport.parkNanos(LockSupport.java:215)
 java.util.concurrent.locks.AbstractQueuedSynchronizer$ConditionObject.awaitNanos(AbstractQueuedSynchronizer.java:2078)
 java.util.concurrent.ScheduledThreadPoolExecutor$DelayedWorkQueue.take(ScheduledThreadPoolExecutor.java:1093)
 java.util.concurrent.ScheduledThreadPoolExecutor$DelayedWorkQueue.take(ScheduledThreadPoolExecutor.java:809)
 java.util.concurrent.ThreadPoolExecutor.getTask(ThreadPoolExecutor.java:1074)
 java.util.concurrent.ThreadPoolExecutor.runWorker(ThreadPoolExecutor.java:1134)
 java.util.concurrent.ThreadPoolExecutor$Worker.run(ThreadPoolExecutor.java:624)
 java.lang.Thread.run(Thread.java:748)
2020-08-08 16:14:28.126  WARN 24912 --- [restartedMain] o.a.c.loader.WebappClassLoaderBase       : The web application [ROOT] appears to have started a thread named [HikariPool-1 connection adder] but has failed to stop it. This is very likely to create a memory leak. Stack trace of thread:
 sun.misc.Unsafe.park(Native Method)
 java.util.concurrent.locks.LockSupport.parkNanos(LockSupport.java:215)
 java.util.concurrent.locks.AbstractQueuedSynchronizer$ConditionObject.awaitNanos(AbstractQueuedSynchronizer.java:2078)
 java.util.concurrent.LinkedBlockingQueue.poll(LinkedBlockingQueue.java:467)
 java.util.concurrent.ThreadPoolExecutor.getTask(ThreadPoolExecutor.java:1073)
 java.util.concurrent.ThreadPoolExecutor.runWorker(ThreadPoolExecutor.java:1134)
 java.util.concurrent.ThreadPoolExecutor$Worker.run(ThreadPoolExecutor.java:624)
 java.lang.Thread.run(Thread.java:748)
2020-08-08 16:14:28.131  INFO 24912 --- [restartedMain] ConditionEvaluationReportLoggingListener : 

Error starting ApplicationContext. To display the conditions report re-run your application with 'debug' enabled.
2020-08-08 16:14:28.141 ERROR 24912 --- [restartedMain] o.s.b.d.LoggingFailureAnalysisReporter   : 

***************************
APPLICATION FAILED TO START
***************************

Description:

Web server failed to start. Port 8080 was already in use.

Action:

Identify and stop the process that's listening on port 8080 or configure this application to listen on another port.

2020-08-08 16:14:28.146  INFO 24912 --- [restartedMain] o.s.s.concurrent.ThreadPoolTaskExecutor  : Shutting down ExecutorService 'applicationTaskExecutor'
2020-08-08 16:14:28.147  INFO 24912 --- [restartedMain] j.LocalContainerEntityManagerFactoryBean : Closing JPA EntityManagerFactory for persistence unit 'default'
2020-08-08 16:14:28.147  INFO 24912 --- [restartedMain] .SchemaDropperImpl$DelayedDropActionImpl : HHH000477: Starting delayed evictData of schema as part of SessionFactory shut-down'
2020-08-08 16:14:28.367  WARN 24912 --- [restartedMain] o.s.b.f.support.DisposableBeanAdapter    : Invocation of destroy method failed on bean with name 'inMemoryDatabaseShutdownExecutor': org.h2.jdbc.JdbcSQLNonTransientConnectionException: Database is already closed (to disable automatic closing at VM shutdown, add ";DB_CLOSE_ON_EXIT=FALSE" to the db URL) [90121-200]
2020-08-08 16:14:28.369  INFO 24912 --- [restartedMain] com.zaxxer.hikari.HikariDataSource       : HikariPool-1 - Shutdown initiated...
2020-08-08 16:14:28.372  INFO 24912 --- [restartedMain] com.zaxxer.hikari.HikariDataSource       : HikariPool-1 - Shutdown completed.
2020-08-08 16:15:23.500  INFO 23064 --- [http-nio-8080-exec-2] o.a.c.c.C.[Tomcat].[localhost].[/]       : Initializing Spring DispatcherServlet 'dispatcherServlet'
2020-08-08 16:15:23.502  INFO 23064 --- [http-nio-8080-exec-2] o.s.web.servlet.DispatcherServlet        : Initializing Servlet 'dispatcherServlet'
2020-08-08 16:15:23.506  INFO 23064 --- [http-nio-8080-exec-2] o.s.web.servlet.DispatcherServlet        : Completed initialization in 4 ms
2020-08-08 16:15:23.518 ERROR 23064 --- [http-nio-8080-exec-2] c.t.r.component.GlobalExceptionHandler   : 测试错误日志输出：{"error":"invalid index"}
2020-08-08 16:15:23.521  WARN 23064 --- [http-nio-8080-exec-2] .m.m.a.ExceptionHandlerExceptionResolver : Resolved [com.thoughtworks.rslist.exception.InvalidIndexException: invalid index]
2020-08-08 16:15:50.362  WARN 23064 --- [http-nio-8080-exec-4] .w.s.m.s.DefaultHandlerExceptionResolver : Resolved [org.springframework.web.HttpRequestMethodNotSupportedException: Request method 'GET' not supported]
2020-08-08 16:16:14.829  WARN 23064 --- [http-nio-8080-exec-5] .w.s.m.s.DefaultHandlerExceptionResolver : Resolved [org.springframework.web.HttpRequestMethodNotSupportedException: Request method 'GET' not supported]
2020-08-08 16:16:34.229 ERROR 23064 --- [http-nio-8080-exec-6] c.t.r.component.GlobalExceptionHandler   : 测试错误日志输出：{"error":"invalid index"}
2020-08-08 16:16:34.231  WARN 23064 --- [http-nio-8080-exec-6] .m.m.a.ExceptionHandlerExceptionResolver : Resolved [com.thoughtworks.rslist.exception.InvalidIndexException: invalid index]
